2026-06-25T18:23:49.964+05:30  INFO 24465 --- [Prod_Ready_Features] [main] .s.m.P.ProdReadyFeaturesApplicationTests : Starting ProdReadyFeaturesApplicationTests using Java 25.0.2 with PID 24465 (started by shubhgaur in /Users/shubhgaur/Documents/SpringBOOT/Prod_Ready_Features)
2026-06-25T18:23:49.965+05:30  INFO 24465 --- [Prod_Ready_Features] [main] .s.m.P.ProdReadyFeaturesApplicationTests : No active profile set, falling back to 1 default profile: "default"
2026-06-25T18:23:50.257+05:30  INFO 24465 --- [Prod_Ready_Features] [main] .s.d.r.c.RepositoryConfigurationDelegate : Bootstrapping Spring Data JPA repositories in DEFAULT mode.
2026-06-25T18:23:50.293+05:30  INFO 24465 --- [Prod_Ready_Features] [main] .s.d.r.c.RepositoryConfigurationDelegate : Finished Spring Data repository scanning in 31 ms. Found 1 JPA repository interface.
2026-06-25T18:23:50.535+05:30  INFO 24465 --- [Prod_Ready_Features] [main] org.hibernate.orm.jpa                    : HHH008540: Processing PersistenceUnitInfo [name: default]
2026-06-25T18:23:50.562+05:30  INFO 24465 --- [Prod_Ready_Features] [main] org.hibernate.orm.core                   : HHH000001: Hibernate ORM core version 7.4.1.Final
2026-06-25T18:23:50.694+05:30  INFO 24465 --- [Prod_Ready_Features] [main] o.h.e.boot.internal.EnversServiceImpl    : Envers integration enabled? : true
2026-06-25T18:23:50.787+05:30  INFO 24465 --- [Prod_Ready_Features] [main] o.s.o.j.p.SpringPersistenceUnitInfo      : No LoadTimeWeaver setup: ignoring JPA class transformer
2026-06-25T18:23:50.804+05:30  INFO 24465 --- [Prod_Ready_Features] [main] com.zaxxer.hikari.HikariDataSource       : HikariPool-1 - Starting...
2026-06-25T18:23:51.000+05:30  INFO 24465 --- [Prod_Ready_Features] [main] com.zaxxer.hikari.pool.HikariPool        : HikariPool-1 - Added connection com.mysql.cj.jdbc.ConnectionImpl@4ac0d49
2026-06-25T18:23:51.001+05:30  INFO 24465 --- [Prod_Ready_Features] [main] com.zaxxer.hikari.HikariDataSource       : HikariPool-1 - Start completed.
2026-06-25T18:23:51.054+05:30  INFO 24465 --- [Prod_Ready_Features] [main] org.hibernate.orm.connections.pooling    : HHH10001005: Database info:
	Database JDBC URL [jdbc:mysql://localhost:3306/Prod_Ready_Features]
	Database driver: MySQL Connector/J
	Database dialect: MySQLDialect
	Database version: 9.6
	Default catalog/schema: Prod_Ready_Features/undefined
	Autocommit mode: undefined/unknown
	Isolation level: REPEATABLE_READ [default REPEATABLE_READ]
	JDBC fetch size: none
	Pool: DataSourceConnectionProvider
	Minimum pool size: undefined/unknown
	Maximum pool size: undefined/unknown
2026-06-25T18:23:51.152+05:30  INFO 24465 --- [Prod_Ready_Features] [main] o.h.e.c.i.m.AuditMetadataGenerator       : Adding properties for entity: com.shubh.module4.Prod_Ready_Features.entity.PostEntity
2026-06-25T18:23:51.536+05:30  INFO 24465 --- [Prod_Ready_Features] [main] org.hibernate.orm.core                   : HHH000489: No JTA platform available (set 'hibernate.transaction.jta.platform' to enable JTA platform integration)
2026-06-25T18:23:51.616+05:30  INFO 24465 --- [Prod_Ready_Features] [main] j.LocalContainerEntityManagerFactoryBean : Initialized JPA EntityManagerFactory for persistence unit 'default'
2026-06-25T18:23:51.712+05:30  INFO 24465 --- [Prod_Ready_Features] [main] o.s.d.j.r.query.QueryEnhancerFactories   : Hibernate is in classpath; If applicable, HQL parser will be used.
2026-06-25T18:23:51.821+05:30  WARN 24465 --- [Prod_Ready_Features] [main] JpaBaseConfiguration$JpaWebConfiguration : spring.jpa.open-in-view is enabled by default. Therefore, database queries may be performed during view rendering. Explicitly configure spring.jpa.open-in-view to disable this warning
2026-06-25T18:23:52.028+05:30  INFO 24465 --- [Prod_Ready_Features] [main] .s.m.P.ProdReadyFeaturesApplicationTests : Started ProdReadyFeaturesApplicationTests in 2.248 seconds (process running for 2.874)
2026-06-25T18:23:52.283+05:30 TRACE 24465 --- [Prod_Ready_Features] [main] c.s.m.P.clients.impl.EmployeeClientImpl  : Trying to create employee with information: EmployeeDTO(id=null, name=Krishna, email=kg@gmail.com, age=29, role=ADMIN, salary=10000.0, dateOfJoining=2005-12-01, isActive=true)
2026-06-25T18:23:52.371+05:30 TRACE 24465 --- [Prod_Ready_Features] [main] c.s.m.P.clients.impl.EmployeeClientImpl  : Sucessfully Created a new employee : EmployeeDTO(id=1006, name=Krishna, email=kg@gmail.com, age=29, role=ADMIN, salary=10000.0, dateOfJoining=2005-12-01, isActive=true)
2026-06-25T18:23:52.379+05:30 TRACE 24465 --- [Prod_Ready_Features] [main] c.s.m.P.clients.impl.EmployeeClientImpl  : Trying to get employee by id in getEmployeeById with id : 1
2026-06-25T18:23:52.384+05:30 TRACE 24465 --- [Prod_Ready_Features] [main] c.s.m.P.clients.impl.EmployeeClientImpl  : Retrieved Employees : EmployeeDTO(id=1, name=Cuty, email=shikshagaur1234@gmail.com, age=22, role=null, salary=null, dateOfJoining=2010-01-01, isActive=true)
2026-06-25T18:23:52.387+05:30 TRACE 24465 --- [Prod_Ready_Features] [main] c.s.m.P.clients.impl.EmployeeClientImpl  : Trying to retrieve all employees in getAllEmployees
2026-06-25T18:23:52.398+05:30 DEBUG 24465 --- [Prod_Ready_Features] [main] c.s.m.P.clients.impl.EmployeeClientImpl  : Successfully retrieved the employees in getAllEmployees
2026-06-25T18:23:52.398+05:30 TRACE 24465 --- [Prod_Ready_Features] [main] c.s.m.P.clients.impl.EmployeeClientImpl  : Retrieved Employees list from getAllEmployees : [EmployeeDTO(id=1, name=Cuty, email=shikshagaur1234@gmail.com, age=22, role=null, salary=null, dateOfJoining=2010-01-01, isActive=true), EmployeeDTO(id=102, name=Shubh Gaur[Updated], email=null, age=30, role=null, salary=null, dateOfJoining=2000-01-01, isActive=true), EmployeeDTO(id=202, name=Shubh Jackson, email=null, age=25, role=null, salary=null, dateOfJoining=2005-01-01, isActive=true), EmployeeDTO(id=203, name=Shubh Jackson false, email=null, age=25, role=null, salary=null, dateOfJoining=2005-01-01, isActive=false), EmployeeDTO(id=252, name=Shubh fsa fsdfs, email=null, age=25, role=null, salary=null, dateOfJoining=2005-01-01, isActive=false), EmployeeDTO(id=302, name=Shubh fsa fsdfs, email=null, age=25, role=null, salary=null, dateOfJoining=2005-01-01, isActive=false), EmployeeDTO(id=303, name=Shubh fsa fsdfs, email=dgsfssdfds, age=25, role=null, salary=null, dateOfJoining=2005-01-01, isActive=false), EmployeeDTO(id=304, name=Shubh fsa fsdfs, email=, age=25, role=null, salary=null, dateOfJoining=2005-01-01, isActive=false), EmployeeDTO(id=305, name=Shubh fsa fsdfs, email=null, age=25, role=null, salary=null, dateOfJoining=2005-01-01, isActive=false), EmployeeDTO(id=352, name=Ssdfg, email=null, age=25, role=null, salary=null, dateOfJoining=2005-01-01, isActive=false), EmployeeDTO(id=402, name=    fsdfds       , email=null, age=25, role=null, salary=null, dateOfJoining=2005-01-01, isActive=false), EmployeeDTO(id=403, name=    fsdfds       fsafsaasfsa , email=null, age=25, role=null, salary=null, dateOfJoining=2005-01-01, isActive=false), EmployeeDTO(id=452, name=hey, email=null, age=25, role=null, salary=null, dateOfJoining=2005-01-01, isActive=false), EmployeeDTO(id=502, name=hey, email=null, age=25, role=USER, salary=null, dateOfJoining=2005-01-01, isActive=false), EmployeeDTO(id=552, name=hdfsey, email=fdshbjfsd@jdsnfj.com, age=25, role=USER, salary=null, dateOfJoining=2005-01-01, isActive=false), EmployeeDTO(id=602, name=hdfsey, email=fdshbjfsd@jdsnfj.com, age=25, role=USER, salary=null, dateOfJoining=2005-01-01, isActive=false), EmployeeDTO(id=652, name=hdfsey, email=fdshbjfsd@jdsnfj.com, age=25, role=USER, salary=1.0E7, dateOfJoining=2005-01-01, isActive=false), EmployeeDTO(id=702, name=hdfsey, email=fdshbjfsd@jdsnfj.com, age=25, role=USER, salary=1000.0, dateOfJoining=2005-01-01, isActive=false), EmployeeDTO(id=703, name=hdfsey, email=fdshbjfsd@jdsnfj.com, age=25, role=USER, salary=1000.0, dateOfJoining=2005-01-01, isActive=false), EmployeeDTO(id=704, name=hdfsey, email=fdshbjfsd@jdsnfj.com, age=25, role=USER, salary=1000.0, dateOfJoining=2005-01-01, isActive=false), EmployeeDTO(id=752, name=fdsfs, email=fdshbjfsd@jdsnfj.com, age=25, role=USER, salary=10012.0, dateOfJoining=2005-01-01, isActive=true), EmployeeDTO(id=802, name=fdsfs, email=fdshbjfsd@jdsnfj.com, age=25, role=USER, salary=10012.0, dateOfJoining=2005-01-01, isActive=true), EmployeeDTO(id=803, name=fdsfs, email=fdshbjfsd@jdsnfj.com, age=25, role=ADMIN, salary=10012.0, dateOfJoining=2005-01-01, isActive=true), EmployeeDTO(id=852, name=fdsfs, email=fdshbjfsd@jdsnfj.com, age=25, role=ADMIN, salary=10012.0, dateOfJoining=2005-01-01, isActive=true), EmployeeDTO(id=853, name=Shubh, email=shubh@gmail.com, age=28, role=ADMIN, salary=10012.0, dateOfJoining=2005-12-01, isActive=true), EmployeeDTO(id=854, name=Krishna, email=kg@gmail.com, age=29, role=ADMIN, salary=10000.0, dateOfJoining=2005-12-01, isActive=true), EmployeeDTO(id=855, name=Krishna, email=kg@gmail.com, age=29, role=ADMIN, salary=10000.0, dateOfJoining=2005-12-01, isActive=true), EmployeeDTO(id=856, name=Krishna, email=kg@gmail.com, age=29, role=ADMIN, salary=10000.0, dateOfJoining=2005-12-01, isActive=true), EmployeeDTO(id=902, name=Krishna, email=kg@gmail.com, age=29, role=ADMIN, salary=10000.0, dateOfJoining=2005-12-01, isActive=true), EmployeeDTO(id=952, name=Krishna, email=kg@gmail.com, age=29, role=ADMIN, salary=10000.0, dateOfJoining=2005-12-01, isActive=true), EmployeeDTO(id=1002, name=Krishna, email=kg@gmail.com, age=29, role=ADMIN, salary=10000.0, dateOfJoining=2005-12-01, isActive=true), EmployeeDTO(id=1003, name=Krishna, email=kg@gmail.com, age=29, role=ADMIN, salary=10000.0, dateOfJoining=2005-12-01, isActive=true), EmployeeDTO(id=1004, name=Krishna, email=kg@gmail.com, age=29, role=ADMIN, salary=10000.0, dateOfJoining=2005-12-01, isActive=true), EmployeeDTO(id=1005, name=Krishna, email=kg@gmail.com, age=29, role=ADMIN, salary=10000.0, dateOfJoining=2005-12-01, isActive=true), EmployeeDTO(id=1006, name=Krishna, email=kg@gmail.com, age=29, role=ADMIN, salary=10000.0, dateOfJoining=2005-12-01, isActive=true)], Hello, 5
2026-06-25T18:23:52.405+05:30  INFO 24465 --- [Prod_Ready_Features] [SpringApplicationShutdownHook] j.LocalContainerEntityManagerFactoryBean : Closing JPA EntityManagerFactory for persistence unit 'default'
2026-06-25T18:23:52.407+05:30  INFO 24465 --- [Prod_Ready_Features] [SpringApplicationShutdownHook] com.zaxxer.hikari.HikariDataSource       : HikariPool-1 - Shutdown initiated...
2026-06-25T18:23:52.411+05:30  INFO 24465 --- [Prod_Ready_Features] [SpringApplicationShutdownHook] com.zaxxer.hikari.HikariDataSource       : HikariPool-1 - Shutdown completed.
2026-06-25 18:29:05.651 [INFO] c.s.m.P.ProdReadyFeaturesApplicationTests [main] Starting ProdReadyFeaturesApplicationTests using Java 25.0.2 with PID 24593 (started by shubhgaur in /Users/shubhgaur/Documents/SpringBOOT/Prod_Ready_Features)
2026-06-25 18:29:05.652 [INFO] c.s.m.P.ProdReadyFeaturesApplicationTests [main] No active profile set, falling back to 1 default profile: "default"
2026-06-25 18:29:05.985 [INFO] o.s.d.r.c.RepositoryConfigurationDelegate [main] Bootstrapping Spring Data JPA repositories in DEFAULT mode.
2026-06-25 18:29:06.021 [INFO] o.s.d.r.c.RepositoryConfigurationDelegate [main] Finished Spring Data repository scanning in 31 ms. Found 1 JPA repository interface.
2026-06-25 18:29:06.276 [INFO] o.h.o.jpa [main] HHH008540: Processing PersistenceUnitInfo [name: default]
2026-06-25 18:29:06.314 [INFO] o.h.o.core [main] HHH000001: Hibernate ORM core version 7.4.1.Final
2026-06-25 18:29:06.444 [INFO] o.h.e.b.i.EnversServiceImpl [main] Envers integration enabled? : true
2026-06-25 18:29:06.553 [INFO] o.s.o.j.p.SpringPersistenceUnitInfo [main] No LoadTimeWeaver setup: ignoring JPA class transformer
2026-06-25 18:29:06.572 [INFO] c.z.h.HikariDataSource [main] HikariPool-1 - Starting...
2026-06-25 18:29:06.769 [INFO] c.z.h.p.HikariPool [main] HikariPool-1 - Added connection com.mysql.cj.jdbc.ConnectionImpl@363ba634
2026-06-25 18:29:06.770 [INFO] c.z.h.HikariDataSource [main] HikariPool-1 - Start completed.
2026-06-25 18:29:06.828 [INFO] o.h.o.c.pooling [main] HHH10001005: Database info:
	Database JDBC URL [jdbc:mysql://localhost:3306/Prod_Ready_Features]
	Database driver: MySQL Connector/J
	Database dialect: MySQLDialect
	Database version: 9.6
	Default catalog/schema: Prod_Ready_Features/undefined
	Autocommit mode: undefined/unknown
	Isolation level: REPEATABLE_READ [default REPEATABLE_READ]
	JDBC fetch size: none
	Pool: DataSourceConnectionProvider
	Minimum pool size: undefined/unknown
	Maximum pool size: undefined/unknown
2026-06-25 18:29:06.937 [INFO] o.h.e.c.i.m.AuditMetadataGenerator [main] Adding properties for entity: com.shubh.module4.Prod_Ready_Features.entity.PostEntity
2026-06-25 18:29:07.352 [INFO] o.h.o.core [main] HHH000489: No JTA platform available (set 'hibernate.transaction.jta.platform' to enable JTA platform integration)
2026-06-25 18:29:07.432 [INFO] o.s.o.j.LocalContainerEntityManagerFactoryBean [main] Initialized JPA EntityManagerFactory for persistence unit 'default'
2026-06-25 18:29:07.534 [INFO] o.s.d.j.r.q.QueryEnhancerFactories [main] Hibernate is in classpath; If applicable, HQL parser will be used.
2026-06-25 18:29:07.660 [WARN] o.s.b.j.a.JpaBaseConfiguration$JpaWebConfiguration [main] spring.jpa.open-in-view is enabled by default. Therefore, database queries may be performed during view rendering. Explicitly configure spring.jpa.open-in-view to disable this warning
2026-06-25 18:29:07.887 [INFO] c.s.m.P.ProdReadyFeaturesApplicationTests [main] Started ProdReadyFeaturesApplicationTests in 2.431 seconds (process running for 3.102)
2026-06-25 18:29:08.153 [TRACE] c.s.m.P.c.i.EmployeeClientImpl [main] Trying to create employee with information: EmployeeDTO(id=null, name=Krishna, email=kg@gmail.com, age=29, role=ADMIN, salary=10000.0, dateOfJoining=2005-12-01, isActive=true)
2026-06-25 18:29:08.239 [TRACE] c.s.m.P.c.i.EmployeeClientImpl [main] Sucessfully Created a new employee : EmployeeDTO(id=1007, name=Krishna, email=kg@gmail.com, age=29, role=ADMIN, salary=10000.0, dateOfJoining=2005-12-01, isActive=true)
2026-06-25 18:29:08.247 [TRACE] c.s.m.P.c.i.EmployeeClientImpl [main] Trying to get employee by id in getEmployeeById with id : 1
2026-06-25 18:29:08.251 [TRACE] c.s.m.P.c.i.EmployeeClientImpl [main] Retrieved Employees : EmployeeDTO(id=1, name=Cuty, email=shikshagaur1234@gmail.com, age=22, role=null, salary=null, dateOfJoining=2010-01-01, isActive=true)
2026-06-25 18:29:08.254 [TRACE] c.s.m.P.c.i.EmployeeClientImpl [main] Trying to retrieve all employees in getAllEmployees
2026-06-25 18:29:08.264 [DEBUG] c.s.m.P.c.i.EmployeeClientImpl [main] Successfully retrieved the employees in getAllEmployees
2026-06-25 18:29:08.264 [TRACE] c.s.m.P.c.i.EmployeeClientImpl [main] Retrieved Employees list from getAllEmployees : [EmployeeDTO(id=1, name=Cuty, email=shikshagaur1234@gmail.com, age=22, role=null, salary=null, dateOfJoining=2010-01-01, isActive=true), EmployeeDTO(id=102, name=Shubh Gaur[Updated], email=null, age=30, role=null, salary=null, dateOfJoining=2000-01-01, isActive=true), EmployeeDTO(id=202, name=Shubh Jackson, email=null, age=25, role=null, salary=null, dateOfJoining=2005-01-01, isActive=true), EmployeeDTO(id=203, name=Shubh Jackson false, email=null, age=25, role=null, salary=null, dateOfJoining=2005-01-01, isActive=false), EmployeeDTO(id=252, name=Shubh fsa fsdfs, email=null, age=25, role=null, salary=null, dateOfJoining=2005-01-01, isActive=false), EmployeeDTO(id=302, name=Shubh fsa fsdfs, email=null, age=25, role=null, salary=null, dateOfJoining=2005-01-01, isActive=false), EmployeeDTO(id=303, name=Shubh fsa fsdfs, email=dgsfssdfds, age=25, role=null, salary=null, dateOfJoining=2005-01-01, isActive=false), EmployeeDTO(id=304, name=Shubh fsa fsdfs, email=, age=25, role=null, salary=null, dateOfJoining=2005-01-01, isActive=false), EmployeeDTO(id=305, name=Shubh fsa fsdfs, email=null, age=25, role=null, salary=null, dateOfJoining=2005-01-01, isActive=false), EmployeeDTO(id=352, name=Ssdfg, email=null, age=25, role=null, salary=null, dateOfJoining=2005-01-01, isActive=false), EmployeeDTO(id=402, name=    fsdfds       , email=null, age=25, role=null, salary=null, dateOfJoining=2005-01-01, isActive=false), EmployeeDTO(id=403, name=    fsdfds       fsafsaasfsa , email=null, age=25, role=null, salary=null, dateOfJoining=2005-01-01, isActive=false), EmployeeDTO(id=452, name=hey, email=null, age=25, role=null, salary=null, dateOfJoining=2005-01-01, isActive=false), EmployeeDTO(id=502, name=hey, email=null, age=25, role=USER, salary=null, dateOfJoining=2005-01-01, isActive=false), EmployeeDTO(id=552, name=hdfsey, email=fdshbjfsd@jdsnfj.com, age=25, role=USER, salary=null, dateOfJoining=2005-01-01, isActive=false), EmployeeDTO(id=602, name=hdfsey, email=fdshbjfsd@jdsnfj.com, age=25, role=USER, salary=null, dateOfJoining=2005-01-01, isActive=false), EmployeeDTO(id=652, name=hdfsey, email=fdshbjfsd@jdsnfj.com, age=25, role=USER, salary=1.0E7, dateOfJoining=2005-01-01, isActive=false), EmployeeDTO(id=702, name=hdfsey, email=fdshbjfsd@jdsnfj.com, age=25, role=USER, salary=1000.0, dateOfJoining=2005-01-01, isActive=false), EmployeeDTO(id=703, name=hdfsey, email=fdshbjfsd@jdsnfj.com, age=25, role=USER, salary=1000.0, dateOfJoining=2005-01-01, isActive=false), EmployeeDTO(id=704, name=hdfsey, email=fdshbjfsd@jdsnfj.com, age=25, role=USER, salary=1000.0, dateOfJoining=2005-01-01, isActive=false), EmployeeDTO(id=752, name=fdsfs, email=fdshbjfsd@jdsnfj.com, age=25, role=USER, salary=10012.0, dateOfJoining=2005-01-01, isActive=true), EmployeeDTO(id=802, name=fdsfs, email=fdshbjfsd@jdsnfj.com, age=25, role=USER, salary=10012.0, dateOfJoining=2005-01-01, isActive=true), EmployeeDTO(id=803, name=fdsfs, email=fdshbjfsd@jdsnfj.com, age=25, role=ADMIN, salary=10012.0, dateOfJoining=2005-01-01, isActive=true), EmployeeDTO(id=852, name=fdsfs, email=fdshbjfsd@jdsnfj.com, age=25, role=ADMIN, salary=10012.0, dateOfJoining=2005-01-01, isActive=true), EmployeeDTO(id=853, name=Shubh, email=shubh@gmail.com, age=28, role=ADMIN, salary=10012.0, dateOfJoining=2005-12-01, isActive=true), EmployeeDTO(id=854, name=Krishna, email=kg@gmail.com, age=29, role=ADMIN, salary=10000.0, dateOfJoining=2005-12-01, isActive=true), EmployeeDTO(id=855, name=Krishna, email=kg@gmail.com, age=29, role=ADMIN, salary=10000.0, dateOfJoining=2005-12-01, isActive=true), EmployeeDTO(id=856, name=Krishna, email=kg@gmail.com, age=29, role=ADMIN, salary=10000.0, dateOfJoining=2005-12-01, isActive=true), EmployeeDTO(id=902, name=Krishna, email=kg@gmail.com, age=29, role=ADMIN, salary=10000.0, dateOfJoining=2005-12-01, isActive=true), EmployeeDTO(id=952, name=Krishna, email=kg@gmail.com, age=29, role=ADMIN, salary=10000.0, dateOfJoining=2005-12-01, isActive=true), EmployeeDTO(id=1002, name=Krishna, email=kg@gmail.com, age=29, role=ADMIN, salary=10000.0, dateOfJoining=2005-12-01, isActive=true), EmployeeDTO(id=1003, name=Krishna, email=kg@gmail.com, age=29, role=ADMIN, salary=10000.0, dateOfJoining=2005-12-01, isActive=true), EmployeeDTO(id=1004, name=Krishna, email=kg@gmail.com, age=29, role=ADMIN, salary=10000.0, dateOfJoining=2005-12-01, isActive=true), EmployeeDTO(id=1005, name=Krishna, email=kg@gmail.com, age=29, role=ADMIN, salary=10000.0, dateOfJoining=2005-12-01, isActive=true), EmployeeDTO(id=1006, name=Krishna, email=kg@gmail.com, age=29, role=ADMIN, salary=10000.0, dateOfJoining=2005-12-01, isActive=true), EmployeeDTO(id=1007, name=Krishna, email=kg@gmail.com, age=29, role=ADMIN, salary=10000.0, dateOfJoining=2005-12-01, isActive=true)], Hello, 5
2026-06-25 18:29:08.271 [INFO] o.s.o.j.LocalContainerEntityManagerFactoryBean [SpringApplicationShutdownHook] Closing JPA EntityManagerFactory for persistence unit 'default'
2026-06-25 18:29:08.272 [INFO] c.z.h.HikariDataSource [SpringApplicationShutdownHook] HikariPool-1 - Shutdown initiated...
2026-06-25 18:29:08.275 [INFO] c.z.h.HikariDataSource [SpringApplicationShutdownHook] HikariPool-1 - Shutdown completed.
